<?xml version="1.0" encoding="UTF-8"?>
<!-- Generated by org.testng.reporters.JUnitReportReporter -->
<testsuite hostname="DESKTOP-Q1A2LUU" name="scripts.Acti_test" tests="1" failures="0" timestamp="5 Nov 2019 10:55:32 GMT" time="27.412" errors="0">
  <testcase name="run" time="27.412" classname="scripts.Acti_test"/>
</testsuite> <!-- scripts.Acti_test -->
